<?xml version="1.0" encoding="UTF-8"?>
<testsuites name="jest tests" tests="1" failures="0" errors="0" time="0.407">
  <testsuite name="GET /" errors="0" failures="0" skipped="0" timestamp="2025-05-30T11:49:42" time="0.378" tests="1">
    <testcase classname="GET / responds with Hello World from Jenkins!" name="GET / responds with Hello World from Jenkins!" time="0.021">
    </testcase>
  </testsuite>
</testsuites>